Using pre-set license
Built from '2020.3/staging' branch; Version is '2020.3.5f1 (8095aa901b9b) revision 8426922'; Using compiler version '192528614'; Build Type 'Release'
OS: 'Windows 10 Pro; OS build 19042.1110; Version 2009; 64bit' Language: 'ja' Physical Memory: 8048 MB
BatchMode: 1, IsHumanControllingUs: 0, StartBugReporterOnCrash: 0, Is64bit: 1, IsPro: 0

 COMMAND LINE ARGUMENTS:
C:\Program Files\Unity\Hub\Editor\2020.3.5f1\Editor\Unity.exe
-adb2
-batchMode
-noUpm
-name
AssetImportWorker0
-projectPath
C:/Users/user/Documents/RoyalBord/RoyalBord
-logFile
Logs/AssetImportWorker0.log
-srvPort
59449
Successfully changed project path to: C:/Users/user/Documents/RoyalBord/RoyalBord
C:/Users/user/Documents/RoyalBord/RoyalBord
Using Asset Import Pipeline V2.
Refreshing native plugins compatible for Editor in 97.46 ms, found 3 plugins.
Preloading 0 native plugins for Editor in 0.00 ms.
Initialize engine version: 2020.3.5f1 (8095aa901b9b)
[Subsystems] Discovering subsystems at path C:/Program Files/Unity/Hub/Editor/2020.3.5f1/Editor/Data/Resources/UnitySubsystems
[Subsystems] Discovering subsystems at path C:/Users/user/Documents/RoyalBord/RoyalBord/Assets
GfxDevice: creating device client; threaded=0
Direct3D:
    Version:  Direct3D 11.0 [level 11.1]
    Renderer: Intel(R) UHD Graphics 620 (ID=0x5917)
    Vendor:   
    VRAM:     4024 MB
    Driver:   27.20.100.7988
Initialize mono
Mono path[0] = 'C:/Program Files/Unity/Hub/Editor/2020.3.5f1/Editor/Data/Managed'
Mono path[1] = 'C:/Program Files/Unity/Hub/Editor/2020.3.5f1/Editor/Data/MonoBleedingEdge/lib/mono/unityjit'
Mono config path = 'C:/Program Files/Unity/Hub/Editor/2020.3.5f1/Editor/Data/MonoBleedingEdge/etc'
Using monoOptions --debugger-agent=transport=dt_socket,embedding=1,server=y,suspend=n,address=127.0.0.1:56292
Begin MonoManager ReloadAssembly
Registering precompiled unity dll's ...
Register platform support module: C:/Program Files/Unity/Hub/Editor/2020.3.5f1/Editor/Data/PlaybackEngines/WindowsStandaloneSupport/UnityEditor.WindowsStandalone.Extensions.dll
Registered in 0.003903 seconds.
Native extension for WindowsStandalone target not found
Refreshing native plugins compatible for Editor in 118.49 ms, found 3 plugins.
Preloading 0 native plugins for Editor in 0.00 ms.
Mono: successfully reloaded assembly
- Completed reload, in  1.994 seconds
Platform modules already initialized, skipping
Registering precompiled user dll's ...
Registered in 0.013944 seconds.
Begin MonoManager ReloadAssembly
Native extension for WindowsStandalone target not found
Refreshing native plugins compatible for Editor in 90.81 ms, found 3 plugins.
Preloading 0 native plugins for Editor in 0.00 ms.
Mono: successfully reloaded assembly
- Completed reload, in  2.474 seconds
Platform modules already initialized, skipping
========================================================================
Worker process is ready to serve import requests
Launched and connected shader compiler UnityShaderCompiler.exe after 0.07 seconds
Refreshing native plugins compatible for Editor in 0.73 ms, found 3 plugins.
Preloading 0 native plugins for Editor in 0.00 ms.
Unloading 2503 Unused Serialized files (Serialized files now loaded: 0)
System memory in use before: 110.1 MB.
System memory in use after: 110.2 MB.

Unloading 40 unused Assets to reduce memory usage. Loaded Objects now: 2936.
Total: 3.212200 ms (FindLiveObjects: 0.281900 ms CreateObjectMapping: 0.140200 ms MarkObjects: 2.633300 ms  DeleteObjects: 0.154900 ms)

========================================================================
Received Import Request.
  path: Assets/Scripts/Piece/PieceCore.cs
  artifactKey: Guid(10d20e5d80aaf2549bef80bc403fe99f) Importer(815301076,1909f56bfc062723c751e8b465ee728b)
Start importing Assets/Scripts/Piece/PieceCore.cs using Guid(10d20e5d80aaf2549bef80bc403fe99f) Importer(815301076,1909f56bfc062723c751e8b465ee728b)  -> (artifact id: '3cdbad69788b704187e96ed6339eb56a') in 0.056833 seconds
  Import took 0.066311 seconds .

========================================================================
Received Prepare
Registering precompiled user dll's ...
Registered in 0.009832 seconds.
Begin MonoManager ReloadAssembly
Native extension for WindowsStandalone target not found
Refreshing native plugins compatible for Editor in 0.72 ms, found 3 plugins.
Preloading 0 native plugins for Editor in 0.00 ms.
Mono: successfully reloaded assembly
- Completed reload, in  1.820 seconds
Platform modules already initialized, skipping
Refreshing native plugins compatible for Editor in 1.25 ms, found 3 plugins.
Preloading 0 native plugins for Editor in 0.00 ms.
Unloading 2497 Unused Serialized files (Serialized files now loaded: 0)
System memory in use before: 110.1 MB.
System memory in use after: 110.2 MB.

Unloading 28 unused Assets to reduce memory usage. Loaded Objects now: 2940.
Total: 10.302100 ms (FindLiveObjects: 1.269300 ms CreateObjectMapping: 1.736500 ms MarkObjects: 6.564000 ms  DeleteObjects: 0.727300 ms)

========================================================================
Received Import Request.
  Time since last request: 486.378825 seconds.
  path: Assets/Scripts/Piece/PieceCore.cs
  artifactKey: Guid(10d20e5d80aaf2549bef80bc403fe99f) Importer(815301076,1909f56bfc062723c751e8b465ee728b)
Start importing Assets/Scripts/Piece/PieceCore.cs using Guid(10d20e5d80aaf2549bef80bc403fe99f) Importer(815301076,1909f56bfc062723c751e8b465ee728b)  -> (artifact id: '542bdfb7b3a3982e8633ac228c4b1800') in 0.040796 seconds
  Import took 0.054941 seconds .

========================================================================
Received Prepare
Refreshing native plugins compatible for Editor in 5.88 ms, found 3 plugins.
Preloading 0 native plugins for Editor in 0.00 ms.
Unloading 26 Unused Serialized files (Serialized files now loaded: 0)
System memory in use before: 61.4 MB.
System memory in use after: 61.4 MB.

Unloading 26 unused Assets to reduce memory usage. Loaded Objects now: 2940.
Total: 2.954900 ms (FindLiveObjects: 0.324700 ms CreateObjectMapping: 0.137900 ms MarkObjects: 2.375000 ms  DeleteObjects: 0.116400 ms)

========================================================================
Received Prepare
Registering precompiled user dll's ...
Registered in 0.010122 seconds.
Begin MonoManager ReloadAssembly
Native extension for WindowsStandalone target not found
Refreshing native plugins compatible for Editor in 1.82 ms, found 3 plugins.
Preloading 0 native plugins for Editor in 0.00 ms.
Mono: successfully reloaded assembly
- Completed reload, in  5.485 seconds
Platform modules already initialized, skipping
Refreshing native plugins compatible for Editor in 5.22 ms, found 3 plugins.
Preloading 0 native plugins for Editor in 0.00 ms.
Unloading 2497 Unused Serialized files (Serialized files now loaded: 0)
System memory in use before: 110.2 MB.
System memory in use after: 110.2 MB.

Unloading 28 unused Assets to reduce memory usage. Loaded Objects now: 2944.
Total: 15.535600 ms (FindLiveObjects: 2.850300 ms CreateObjectMapping: 1.456900 ms MarkObjects: 10.439600 ms  DeleteObjects: 0.780000 ms)

========================================================================
Received Prepare
Registering precompiled user dll's ...
Registered in 0.009936 seconds.
Begin MonoManager ReloadAssembly
Native extension for WindowsStandalone target not found
Refreshing native plugins compatible for Editor in 0.63 ms, found 3 plugins.
Preloading 0 native plugins for Editor in 0.00 ms.
Mono: successfully reloaded assembly
- Completed reload, in  1.311 seconds
Platform modules already initialized, skipping
Refreshing native plugins compatible for Editor in 0.63 ms, found 3 plugins.
Preloading 0 native plugins for Editor in 0.00 ms.
Unloading 2497 Unused Serialized files (Serialized files now loaded: 0)
System memory in use before: 110.2 MB.
System memory in use after: 110.3 MB.

Unloading 28 unused Assets to reduce memory usage. Loaded Objects now: 2948.
Total: 4.186900 ms (FindLiveObjects: 0.582300 ms CreateObjectMapping: 0.327700 ms MarkObjects: 3.123600 ms  DeleteObjects: 0.152000 ms)

========================================================================
Received Import Request.
  Time since last request: 44402.732434 seconds.
  path: Assets/Scenes/SampleScene.unity
  artifactKey: Guid(2cda990e2423bbf4892e6590ba056729) Importer(815301076,1909f56bfc062723c751e8b465ee728b)
Start importing Assets/Scenes/SampleScene.unity using Guid(2cda990e2423bbf4892e6590ba056729) Importer(815301076,1909f56bfc062723c751e8b465ee728b)  -> (artifact id: '4318d73c904c2788dc315f82b49724aa') in 0.034014 seconds
  Import took 0.040891 seconds .

========================================================================
Received Import Request.
  Time since last request: 14.211792 seconds.
  path: Assets/Prefabs/Field_Piece/Field_WallPiece_Player.prefab
  artifactKey: Guid(4ef19717a78f462458e8d0d738063af6) Importer(815301076,1909f56bfc062723c751e8b465ee728b)
Start importing Assets/Prefabs/Field_Piece/Field_WallPiece_Player.prefab using Guid(4ef19717a78f462458e8d0d738063af6) Importer(815301076,1909f56bfc062723c751e8b465ee728b)  -> (artifact id: '20dee15a3bda32b29f2778925b19b05f') in 0.114401 seconds
  Import took 0.121711 seconds .

========================================================================
Received Import Request.
  Time since last request: 0.493528 seconds.
  path: Assets/Prefabs/Field_Piece/Field_WallPiece_Enemy.prefab
  artifactKey: Guid(21b7884edce7ccf489a4e5198e6f5331) Importer(815301076,1909f56bfc062723c751e8b465ee728b)
Start importing Assets/Prefabs/Field_Piece/Field_WallPiece_Enemy.prefab using Guid(21b7884edce7ccf489a4e5198e6f5331) Importer(815301076,1909f56bfc062723c751e8b465ee728b)  -> (artifact id: '6b4dbe8b566e28f4eeac682360258565') in 0.017414 seconds
  Import took 0.030805 seconds .

========================================================================
Received Prepare
Registering precompiled user dll's ...
Registered in 0.007170 seconds.
Begin MonoManager ReloadAssembly
Native extension for WindowsStandalone target not found
Refreshing native plugins compatible for Editor in 0.62 ms, found 3 plugins.
Preloading 0 native plugins for Editor in 0.00 ms.
Mono: successfully reloaded assembly
- Completed reload, in  1.346 seconds
Platform modules already initialized, skipping
Refreshing native plugins compatible for Editor in 0.61 ms, found 3 plugins.
Preloading 0 native plugins for Editor in 0.00 ms.
Unloading 2497 Unused Serialized files (Serialized files now loaded: 0)
System memory in use before: 113.2 MB.
System memory in use after: 113.2 MB.

Unloading 28 unused Assets to reduce memory usage. Loaded Objects now: 2959.
Total: 3.399800 ms (FindLiveObjects: 0.524300 ms CreateObjectMapping: 0.282200 ms MarkObjects: 2.466500 ms  DeleteObjects: 0.125600 ms)

========================================================================
Received Prepare
Refreshing native plugins compatible for Editor in 14.60 ms, found 3 plugins.
Preloading 0 native plugins for Editor in 0.00 ms.
Unloading 26 Unused Serialized files (Serialized files now loaded: 0)
System memory in use before: 64.4 MB.
System memory in use after: 64.5 MB.

Unloading 26 unused Assets to reduce memory usage. Loaded Objects now: 2959.
Total: 6.888800 ms (FindLiveObjects: 0.476400 ms CreateObjectMapping: 0.281900 ms MarkObjects: 5.887900 ms  DeleteObjects: 0.239800 ms)

========================================================================
Received Prepare
Registering precompiled user dll's ...
Registered in 0.024671 seconds.
Begin MonoManager ReloadAssembly
Native extension for WindowsStandalone target not found
Refreshing native plugins compatible for Editor in 3.58 ms, found 3 plugins.
Preloading 0 native plugins for Editor in 0.00 ms.
Mono: successfully reloaded assembly
- Completed reload, in  6.058 seconds
Platform modules already initialized, skipping
Refreshing native plugins compatible for Editor in 2.17 ms, found 3 plugins.
Preloading 0 native plugins for Editor in 0.00 ms.
Unloading 2497 Unused Serialized files (Serialized files now loaded: 0)
System memory in use before: 113.1 MB.
System memory in use after: 113.2 MB.

Unloading 28 unused Assets to reduce memory usage. Loaded Objects now: 2963.
Total: 8.810100 ms (FindLiveObjects: 0.841300 ms CreateObjectMapping: 0.755100 ms MarkObjects: 6.584000 ms  DeleteObjects: 0.623800 ms)

========================================================================
Received Prepare
Registering precompiled user dll's ...
Registered in 0.006570 seconds.
Begin MonoManager ReloadAssembly
Native extension for WindowsStandalone target not found
Refreshing native plugins compatible for Editor in 0.68 ms, found 3 plugins.
Preloading 0 native plugins for Editor in 0.00 ms.
Mono: successfully reloaded assembly
- Completed reload, in  1.331 seconds
Platform modules already initialized, skipping
Refreshing native plugins compatible for Editor in 0.62 ms, found 3 plugins.
Preloading 0 native plugins for Editor in 0.00 ms.
Unloading 2497 Unused Serialized files (Serialized files now loaded: 0)
System memory in use before: 113.2 MB.
System memory in use after: 113.3 MB.

Unloading 28 unused Assets to reduce memory usage. Loaded Objects now: 2967.
Total: 3.871700 ms (FindLiveObjects: 0.675200 ms CreateObjectMapping: 0.254600 ms MarkObjects: 2.771500 ms  DeleteObjects: 0.168500 ms)

========================================================================
Received Prepare
Registering precompiled user dll's ...
Registered in 0.022818 seconds.
Begin MonoManager ReloadAssembly
Native extension for WindowsStandalone target not found
Refreshing native plugins compatible for Editor in 2.37 ms, found 3 plugins.
Preloading 0 native plugins for Editor in 0.00 ms.
Mono: successfully reloaded assembly
- Completed reload, in  5.032 seconds
Platform modules already initialized, skipping
Refreshing native plugins compatible for Editor in 1.39 ms, found 3 plugins.
Preloading 0 native plugins for Editor in 0.00 ms.
Unloading 2497 Unused Serialized files (Serialized files now loaded: 0)
System memory in use before: 113.2 MB.
System memory in use after: 113.3 MB.

Unloading 28 unused Assets to reduce memory usage. Loaded Objects now: 2971.
Total: 10.772700 ms (FindLiveObjects: 0.932900 ms CreateObjectMapping: 0.598600 ms MarkObjects: 8.899400 ms  DeleteObjects: 0.336200 ms)

========================================================================
Received Prepare
Registering precompiled user dll's ...
Registered in 0.008686 seconds.
Begin MonoManager ReloadAssembly
Native extension for WindowsStandalone target not found
Refreshing native plugins compatible for Editor in 0.70 ms, found 3 plugins.
Preloading 0 native plugins for Editor in 0.00 ms.
Mono: successfully reloaded assembly
- Completed reload, in  1.313 seconds
Platform modules already initialized, skipping
Refreshing native plugins compatible for Editor in 0.68 ms, found 3 plugins.
Preloading 0 native plugins for Editor in 0.00 ms.
Unloading 2497 Unused Serialized files (Serialized files now loaded: 0)
System memory in use before: 113.2 MB.
System memory in use after: 113.3 MB.

Unloading 28 unused Assets to reduce memory usage. Loaded Objects now: 2975.
Total: 3.065600 ms (FindLiveObjects: 0.345100 ms CreateObjectMapping: 0.162700 ms MarkObjects: 2.396900 ms  DeleteObjects: 0.159600 ms)

========================================================================
Received Prepare
Refreshing native plugins compatible for Editor in 12.49 ms, found 3 plugins.
Preloading 0 native plugins for Editor in 0.00 ms.
Unloading 26 Unused Serialized files (Serialized files now loaded: 0)
System memory in use before: 64.4 MB.
System memory in use after: 64.5 MB.

Unloading 26 unused Assets to reduce memory usage. Loaded Objects now: 2975.
Total: 6.600000 ms (FindLiveObjects: 0.449000 ms CreateObjectMapping: 0.215300 ms MarkObjects: 5.701900 ms  DeleteObjects: 0.230800 ms)

========================================================================
Received Prepare
Registering precompiled user dll's ...
Registered in 0.021698 seconds.
Begin MonoManager ReloadAssembly
Native extension for WindowsStandalone target not found
Refreshing native plugins compatible for Editor in 2.08 ms, found 3 plugins.
Preloading 0 native plugins for Editor in 0.00 ms.
Mono: successfully reloaded assembly
- Completed reload, in  4.869 seconds
Platform modules already initialized, skipping
Refreshing native plugins compatible for Editor in 2.22 ms, found 3 plugins.
Preloading 0 native plugins for Editor in 0.00 ms.
Unloading 2497 Unused Serialized files (Serialized files now loaded: 0)
System memory in use before: 113.2 MB.
System memory in use after: 113.3 MB.

Unloading 28 unused Assets to reduce memory usage. Loaded Objects now: 2979.
Total: 9.245800 ms (FindLiveObjects: 0.939100 ms CreateObjectMapping: 0.803900 ms MarkObjects: 7.028900 ms  DeleteObjects: 0.466600 ms)

========================================================================
Received Prepare
Registering precompiled user dll's ...
Registered in 0.033173 seconds.
Begin MonoManager ReloadAssembly
Native extension for WindowsStandalone target not found
Refreshing native plugins compatible for Editor in 2.50 ms, found 3 plugins.
Preloading 0 native plugins for Editor in 0.00 ms.
Mono: successfully reloaded assembly
- Completed reload, in  6.593 seconds
Platform modules already initialized, skipping
Refreshing native plugins compatible for Editor in 3.82 ms, found 3 plugins.
Preloading 0 native plugins for Editor in 0.00 ms.
Unloading 2497 Unused Serialized files (Serialized files now loaded: 0)
System memory in use before: 113.1 MB.
System memory in use after: 113.2 MB.

Unloading 28 unused Assets to reduce memory usage. Loaded Objects now: 2983.
Total: 10.852500 ms (FindLiveObjects: 1.134700 ms CreateObjectMapping: 0.814200 ms MarkObjects: 8.111000 ms  DeleteObjects: 0.788600 ms)

========================================================================
Received Prepare
Registering precompiled user dll's ...
Registered in 0.033117 seconds.
Begin MonoManager ReloadAssembly
Native extension for WindowsStandalone target not found
Refreshing native plugins compatible for Editor in 2.96 ms, found 3 plugins.
Preloading 0 native plugins for Editor in 0.00 ms.
Mono: successfully reloaded assembly
- Completed reload, in  4.723 seconds
Platform modules already initialized, skipping
Refreshing native plugins compatible for Editor in 1.41 ms, found 3 plugins.
Preloading 0 native plugins for Editor in 0.00 ms.
Unloading 2497 Unused Serialized files (Serialized files now loaded: 0)
System memory in use before: 113.2 MB.
System memory in use after: 113.3 MB.

Unloading 28 unused Assets to reduce memory usage. Loaded Objects now: 2987.
Total: 10.214900 ms (FindLiveObjects: 0.822600 ms CreateObjectMapping: 0.426900 ms MarkObjects: 8.501100 ms  DeleteObjects: 0.458500 ms)

========================================================================
Received Prepare
Registering precompiled user dll's ...
Registered in 0.007921 seconds.
Begin MonoManager ReloadAssembly
Native extension for WindowsStandalone target not found
Refreshing native plugins compatible for Editor in 1.07 ms, found 3 plugins.
Preloading 0 native plugins for Editor in 0.00 ms.
Mono: successfully reloaded assembly
- Completed reload, in  1.270 seconds
Platform modules already initialized, skipping
Refreshing native plugins compatible for Editor in 1.05 ms, found 3 plugins.
Preloading 0 native plugins for Editor in 0.00 ms.
Unloading 2497 Unused Serialized files (Serialized files now loaded: 0)
System memory in use before: 113.2 MB.
System memory in use after: 113.3 MB.

Unloading 28 unused Assets to reduce memory usage. Loaded Objects now: 2991.
Total: 3.169400 ms (FindLiveObjects: 0.557100 ms CreateObjectMapping: 0.184000 ms MarkObjects: 2.191800 ms  DeleteObjects: 0.234900 ms)

========================================================================
Received Prepare
Refreshing native plugins compatible for Editor in 5.98 ms, found 3 plugins.
Preloading 0 native plugins for Editor in 0.00 ms.
Unloading 26 Unused Serialized files (Serialized files now loaded: 0)
System memory in use before: 64.5 MB.
System memory in use after: 64.6 MB.

Unloading 26 unused Assets to reduce memory usage. Loaded Objects now: 2991.
Total: 3.493900 ms (FindLiveObjects: 0.386500 ms CreateObjectMapping: 0.125600 ms MarkObjects: 2.850700 ms  DeleteObjects: 0.130000 ms)

========================================================================
Received Prepare
Registering precompiled user dll's ...
Registered in 0.021460 seconds.
Begin MonoManager ReloadAssembly
Native extension for WindowsStandalone target not found
Refreshing native plugins compatible for Editor in 2.24 ms, found 3 plugins.
Preloading 0 native plugins for Editor in 0.00 ms.
Mono: successfully reloaded assembly
- Completed reload, in  5.134 seconds
Platform modules already initialized, skipping
Refreshing native plugins compatible for Editor in 2.10 ms, found 3 plugins.
Preloading 0 native plugins for Editor in 0.00 ms.
Unloading 2497 Unused Serialized files (Serialized files now loaded: 0)
System memory in use before: 113.2 MB.
System memory in use after: 113.3 MB.

Unloading 28 unused Assets to reduce memory usage. Loaded Objects now: 2995.
Total: 10.748100 ms (FindLiveObjects: 1.559400 ms CreateObjectMapping: 0.654500 ms MarkObjects: 8.196900 ms  DeleteObjects: 0.329000 ms)

========================================================================
Received Import Request.
  Time since last request: 12147.819508 seconds.
  path: Assets/Scripts/Piece/PieceAttackArea.cs
  artifactKey: Guid(0913923e0d7086643b43211a14a5ae66) Importer(815301076,1909f56bfc062723c751e8b465ee728b)
Start importing Assets/Scripts/Piece/PieceAttackArea.cs using Guid(0913923e0d7086643b43211a14a5ae66) Importer(815301076,1909f56bfc062723c751e8b465ee728b)  -> (artifact id: '327ce962ffc6cee3c8e4fcaf9443b91f') in 0.021725 seconds
  Import took 0.029903 seconds .

========================================================================
Received Import Request.
  Time since last request: 0.541557 seconds.
  path: Assets/Scripts/Piece/PieceCore.cs
  artifactKey: Guid(10d20e5d80aaf2549bef80bc403fe99f) Importer(815301076,1909f56bfc062723c751e8b465ee728b)
Start importing Assets/Scripts/Piece/PieceCore.cs using Guid(10d20e5d80aaf2549bef80bc403fe99f) Importer(815301076,1909f56bfc062723c751e8b465ee728b)  -> (artifact id: 'e96589cd95603394fefb932759fd9210') in 0.013244 seconds
  Import took 0.020628 seconds .

========================================================================
Received Import Request.
  Time since last request: 0.001764 seconds.
  path: Assets/Scripts/Piece/PieceCore.cs
  artifactKey: Guid(10d20e5d80aaf2549bef80bc403fe99f) Importer(815301076,1909f56bfc062723c751e8b465ee728b)
Start importing Assets/Scripts/Piece/PieceCore.cs using Guid(10d20e5d80aaf2549bef80bc403fe99f) Importer(815301076,1909f56bfc062723c751e8b465ee728b)  -> (artifact id: 'e96589cd95603394fefb932759fd9210') in 0.005450 seconds
  Import took 0.015946 seconds .

========================================================================
Received Prepare
Refreshing native plugins compatible for Editor in 12.59 ms, found 3 plugins.
Preloading 0 native plugins for Editor in 0.00 ms.
Unloading 26 Unused Serialized files (Serialized files now loaded: 0)
System memory in use before: 64.5 MB.
System memory in use after: 64.6 MB.

Unloading 26 unused Assets to reduce memory usage. Loaded Objects now: 2995.
Total: 6.832300 ms (FindLiveObjects: 0.468400 ms CreateObjectMapping: 0.221200 ms MarkObjects: 5.885400 ms  DeleteObjects: 0.254200 ms)

========================================================================
Received Prepare
Registering precompiled user dll's ...
Registered in 0.023781 seconds.
Begin MonoManager ReloadAssembly
Native extension for WindowsStandalone target not found
Refreshing native plugins compatible for Editor in 2.44 ms, found 3 plugins.
Preloading 0 native plugins for Editor in 0.00 ms.
Mono: successfully reloaded assembly
- Completed reload, in  5.620 seconds
Platform modules already initialized, skipping
Refreshing native plugins compatible for Editor in 1.81 ms, found 3 plugins.
Preloading 0 native plugins for Editor in 0.00 ms.
Unloading 2497 Unused Serialized files (Serialized files now loaded: 0)
System memory in use before: 113.3 MB.
System memory in use after: 113.3 MB.

Unloading 28 unused Assets to reduce memory usage. Loaded Objects now: 2999.
Total: 16.110900 ms (FindLiveObjects: 2.443200 ms CreateObjectMapping: 1.303700 ms MarkObjects: 11.213200 ms  DeleteObjects: 1.145400 ms)

========================================================================
Received Import Request.
  Time since last request: 1812.153692 seconds.
  path: Assets/Prefabs/Field_Piece/Field_Piece_Red/Player_Piece_King.prefab
  artifactKey: Guid(7a21cd53ad3b1654faca11c3c0e143f3) Importer(815301076,1909f56bfc062723c751e8b465ee728b)
Start importing Assets/Prefabs/Field_Piece/Field_Piece_Red/Player_Piece_King.prefab using Guid(7a21cd53ad3b1654faca11c3c0e143f3) Importer(815301076,1909f56bfc062723c751e8b465ee728b)  -> (artifact id: 'd01b0587dcfa231c701d81c83b09dcc0') in 0.155000 seconds
  Import took 0.164773 seconds .

========================================================================
Received Import Request.
  Time since last request: 3.080142 seconds.
  path: Assets/Prefabs/Field_Piece/Field_Piece_Blue/Enemy_Piece_knight.prefab
  artifactKey: Guid(44666b8fe82a107429096c86a0f261be) Importer(815301076,1909f56bfc062723c751e8b465ee728b)
Start importing Assets/Prefabs/Field_Piece/Field_Piece_Blue/Enemy_Piece_knight.prefab using Guid(44666b8fe82a107429096c86a0f261be) Importer(815301076,1909f56bfc062723c751e8b465ee728b)  -> (artifact id: '0cf3529cf0f77505059a9d8d23840918') in 0.036370 seconds
  Import took 0.045577 seconds .

========================================================================
Received Import Request.
  Time since last request: 7.217504 seconds.
  path: Assets/Scenes/GodoTest.unity
  artifactKey: Guid(a7a1cfec6a69a7546b0bbafba52d0719) Importer(815301076,1909f56bfc062723c751e8b465ee728b)
Start importing Assets/Scenes/GodoTest.unity using Guid(a7a1cfec6a69a7546b0bbafba52d0719) Importer(815301076,1909f56bfc062723c751e8b465ee728b)  -> (artifact id: 'b43071b8228dfd49f5d633b68fbf93bd') in 0.014060 seconds
  Import took 0.023475 seconds .

========================================================================
Received Prepare
Registering precompiled user dll's ...
Registered in 0.009009 seconds.
Begin MonoManager ReloadAssembly
Native extension for WindowsStandalone target not found
Refreshing native plugins compatible for Editor in 0.62 ms, found 3 plugins.
Preloading 0 native plugins for Editor in 0.00 ms.
Mono: successfully reloaded assembly
- Completed reload, in  1.289 seconds
Platform modules already initialized, skipping
Refreshing native plugins compatible for Editor in 1.15 ms, found 3 plugins.
Preloading 0 native plugins for Editor in 0.00 ms.
Unloading 2497 Unused Serialized files (Serialized files now loaded: 0)
System memory in use before: 113.2 MB.
System memory in use after: 113.3 MB.

Unloading 28 unused Assets to reduce memory usage. Loaded Objects now: 3004.
Total: 6.487900 ms (FindLiveObjects: 0.564000 ms CreateObjectMapping: 0.185700 ms MarkObjects: 5.502800 ms  DeleteObjects: 0.230900 ms)

========================================================================
Received Prepare
Refreshing native plugins compatible for Editor in 5.82 ms, found 3 plugins.
Preloading 0 native plugins for Editor in 0.00 ms.
Unloading 26 Unused Serialized files (Serialized files now loaded: 0)
System memory in use before: 64.4 MB.
System memory in use after: 64.5 MB.

Unloading 26 unused Assets to reduce memory usage. Loaded Objects now: 3004.
Total: 4.747900 ms (FindLiveObjects: 0.967300 ms CreateObjectMapping: 0.443000 ms MarkObjects: 3.162800 ms  DeleteObjects: 0.172600 ms)

========================================================================
Received Prepare
Registering precompiled user dll's ...
Registered in 0.028071 seconds.
Begin MonoManager ReloadAssembly
Native extension for WindowsStandalone target not found
Refreshing native plugins compatible for Editor in 0.79 ms, found 3 plugins.
Preloading 0 native plugins for Editor in 0.00 ms.
Mono: successfully reloaded assembly
- Completed reload, in  1.665 seconds
Platform modules already initialized, skipping
Refreshing native plugins compatible for Editor in 0.79 ms, found 3 plugins.
Preloading 0 native plugins for Editor in 0.00 ms.
Unloading 2497 Unused Serialized files (Serialized files now loaded: 0)
System memory in use before: 113.3 MB.
System memory in use after: 113.4 MB.

Unloading 28 unused Assets to reduce memory usage. Loaded Objects now: 3008.
Total: 3.851500 ms (FindLiveObjects: 0.553400 ms CreateObjectMapping: 0.206900 ms MarkObjects: 2.857400 ms  DeleteObjects: 0.231500 ms)

========================================================================
Received Prepare
Registering precompiled user dll's ...
Registered in 0.044713 seconds.
Begin MonoManager ReloadAssembly
Native extension for WindowsStandalone target not found
Refreshing native plugins compatible for Editor in 1.58 ms, found 3 plugins.
Preloading 0 native plugins for Editor in 0.00 ms.
Mono: successfully reloaded assembly
- Completed reload, in  4.393 seconds
Platform modules already initialized, skipping
Refreshing native plugins compatible for Editor in 1.24 ms, found 3 plugins.
Preloading 0 native plugins for Editor in 0.00 ms.
Unloading 2497 Unused Serialized files (Serialized files now loaded: 0)
System memory in use before: 113.3 MB.
System memory in use after: 113.4 MB.

Unloading 28 unused Assets to reduce memory usage. Loaded Objects now: 3012.
Total: 8.957500 ms (FindLiveObjects: 0.798100 ms CreateObjectMapping: 1.023700 ms MarkObjects: 6.769800 ms  DeleteObjects: 0.361700 ms)

========================================================================
Received Prepare
Registering precompiled user dll's ...
Registered in 0.014708 seconds.
Begin MonoManager ReloadAssembly
Native extension for WindowsStandalone target not found
Refreshing native plugins compatible for Editor in 0.62 ms, found 3 plugins.
Preloading 0 native plugins for Editor in 0.00 ms.
Mono: successfully reloaded assembly
- Completed reload, in  1.236 seconds
Platform modules already initialized, skipping
Refreshing native plugins compatible for Editor in 0.60 ms, found 3 plugins.
Preloading 0 native plugins for Editor in 0.00 ms.
Unloading 2497 Unused Serialized files (Serialized files now loaded: 0)
System memory in use before: 113.3 MB.
System memory in use after: 113.4 MB.

Unloading 28 unused Assets to reduce memory usage. Loaded Objects now: 3016.
Total: 3.888500 ms (FindLiveObjects: 0.367900 ms CreateObjectMapping: 0.093900 ms MarkObjects: 2.974700 ms  DeleteObjects: 0.450100 ms)

AssetImportWorkerClient::OnTransportError - code=2 error=End of file
