Using pre-set license
Built from '2020.3/release' branch; Version is '2020.3.12f1 (b3b2c6512326) revision 11776710'; Using compiler version '192528614'; Build Type 'Release'
OS: 'Windows 10 Pro; OS build 19042.1110; Version 2009; 64bit' Language: 'ja' Physical Memory: 8048 MB
BatchMode: 1, IsHumanControllingUs: 0, StartBugReporterOnCrash: 0, Is64bit: 1, IsPro: 0

 COMMAND LINE ARGUMENTS:
C:\Program Files\Unity\Hub\Editor\2020.3.12f1\Editor\Unity.exe
-adb2
-batchMode
-noUpm
-name
AssetImportWorker1
-projectPath
C:/Users/user/Desktop/RoyalBord/RoyalBord
-logFile
Logs/AssetImportWorker1.log
-srvPort
50417
Successfully changed project path to: C:/Users/user/Desktop/RoyalBord/RoyalBord
C:/Users/user/Desktop/RoyalBord/RoyalBord
Using Asset Import Pipeline V2.
Refreshing native plugins compatible for Editor in 94.40 ms, found 3 plugins.
Preloading 0 native plugins for Editor in 0.00 ms.
Initialize engine version: 2020.3.12f1 (b3b2c6512326)
[Subsystems] Discovering subsystems at path C:/Program Files/Unity/Hub/Editor/2020.3.12f1/Editor/Data/Resources/UnitySubsystems
[Subsystems] Discovering subsystems at path C:/Users/user/Desktop/RoyalBord/RoyalBord/Assets
GfxDevice: creating device client; threaded=0
Direct3D:
    Version:  Direct3D 11.0 [level 11.1]
    Renderer: Intel(R) UHD Graphics 620 (ID=0x5917)
    Vendor:   
    VRAM:     4024 MB
    Driver:   27.20.100.7988
Initialize mono
Mono path[0] = 'C:/Program Files/Unity/Hub/Editor/2020.3.12f1/Editor/Data/Managed'
Mono path[1] = 'C:/Program Files/Unity/Hub/Editor/2020.3.12f1/Editor/Data/MonoBleedingEdge/lib/mono/unityjit'
Mono config path = 'C:/Program Files/Unity/Hub/Editor/2020.3.12f1/Editor/Data/MonoBleedingEdge/etc'
Using monoOptions --debugger-agent=transport=dt_socket,embedding=1,server=y,suspend=n,address=127.0.0.1:56844
Begin MonoManager ReloadAssembly
Registering precompiled unity dll's ...
Register platform support module: C:/Program Files/Unity/Hub/Editor/2020.3.12f1/Editor/Data/PlaybackEngines/WindowsStandaloneSupport/UnityEditor.WindowsStandalone.Extensions.dll
Registered in 0.003070 seconds.
Native extension for WindowsStandalone target not found
Refreshing native plugins compatible for Editor in 84.29 ms, found 3 plugins.
Preloading 0 native plugins for Editor in 0.00 ms.
Mono: successfully reloaded assembly
- Completed reload, in  1.780 seconds
Platform modules already initialized, skipping
Registering precompiled user dll's ...
Registered in 0.008717 seconds.
Begin MonoManager ReloadAssembly
Native extension for WindowsStandalone target not found
Refreshing native plugins compatible for Editor in 152.42 ms, found 3 plugins.
Preloading 0 native plugins for Editor in 0.00 ms.
Mono: successfully reloaded assembly
- Completed reload, in 13.447 seconds
Platform modules already initialized, skipping
========================================================================
Worker process is ready to serve import requests
Launched and connected shader compiler UnityShaderCompiler.exe after 0.15 seconds
Refreshing native plugins compatible for Editor in 0.69 ms, found 3 plugins.
Preloading 0 native plugins for Editor in 0.00 ms.
Unloading 2502 Unused Serialized files (Serialized files now loaded: 0)
System memory in use before: 107.2 MB.
System memory in use after: 107.4 MB.

Unloading 35 unused Assets to reduce memory usage. Loaded Objects now: 2940.
Total: 7.634700 ms (FindLiveObjects: 0.501400 ms CreateObjectMapping: 0.196000 ms MarkObjects: 6.803400 ms  DeleteObjects: 0.131500 ms)

AssetImportParameters requested are different than current active one (requested -> active):
  custom:framework-win-MediaFoundation: 216162199b28c13a410421893ffa2e32 -> 
  custom:video-decoder-ogg-theora: a1e56fd34408186e4bbccfd4996cb3dc -> 
  custom:container-muxer-webm: aa71ff27fc2769a1b78a27578f13a17b -> 
  custom:container-demuxer-webm: 4f35f7cbe854078d1ac9338744f61a02 -> 
  custom:container-demuxer-ogg: 62fdf1f143b41e24485cea50d1cbac27 -> 
  custom:video-encoder-webm-vp8: eb34c28f22e8b96e1ab97ce403110664 -> 
  custom:video-decoder-webm-vp8: 9c59270c3fd7afecdb556c50c9e8de78 -> 
  custom:audio-decoder-ogg-vorbis: bf7c407c2cedff20999df2af8eb42d56 -> 
  custom:audio-encoder-webm-vorbis: bf7c407c2cedff20999df2af8eb42d56 -> 
========================================================================
Received Import Request.
  path: Assets/Scripts/Manager/SortAction.cs
  artifactKey: Guid(fdf8438ff006fd442971973bc1509a80) Importer(815301076,1909f56bfc062723c751e8b465ee728b)
Start importing Assets/Scripts/Manager/SortAction.cs using Guid(fdf8438ff006fd442971973bc1509a80) Importer(815301076,1909f56bfc062723c751e8b465ee728b)  -> (artifact id: '5c1c77e29f6f8b1ffb85aaf7415db513') in 0.058723 seconds 
  Import took 0.071934 seconds .

========================================================================
Received Import Request.
  Time since last request: 0.000310 seconds.
  path: Assets/Photon/PhotonUnityNetworking/Code/PhotonNetworkPart.cs
  artifactKey: Guid(cbf2b3734a024f842bd50f8738feb400) Importer(815301076,1909f56bfc062723c751e8b465ee728b)
Start importing Assets/Photon/PhotonUnityNetworking/Code/PhotonNetworkPart.cs using Guid(cbf2b3734a024f842bd50f8738feb400) Importer(815301076,1909f56bfc062723c751e8b465ee728b)  -> (artifact id: '5a38674727ad42290a5a9bb6f5632a67') in 0.011732 seconds 
  Import took 0.019977 seconds .

========================================================================
Received Import Request.
  Time since last request: 0.000520 seconds.
  path: Assets/Scripts/Manager/Move.cs
  artifactKey: Guid(593508e133a77d94fb05ea0dcfca3e0f) Importer(815301076,1909f56bfc062723c751e8b465ee728b)
Start importing Assets/Scripts/Manager/Move.cs using Guid(593508e133a77d94fb05ea0dcfca3e0f) Importer(815301076,1909f56bfc062723c751e8b465ee728b)  -> (artifact id: '72ee3b0c122df981e39ac7de03b90469') in 0.025152 seconds 
  Import took 0.038565 seconds .

========================================================================
Received Import Request.
  Time since last request: 0.000337 seconds.
  path: Assets/Photon/PhotonUnityNetworking/Demos/DemoAsteroids/Scripts/Game/PlayerOverviewPanel.cs
  artifactKey: Guid(b579f4077cd5953489882224d803b137) Importer(815301076,1909f56bfc062723c751e8b465ee728b)
Start importing Assets/Photon/PhotonUnityNetworking/Demos/DemoAsteroids/Scripts/Game/PlayerOverviewPanel.cs using Guid(b579f4077cd5953489882224d803b137) Importer(815301076,1909f56bfc062723c751e8b465ee728b)  -> (artifact id: '1c2ff363240ac5c43b3944ceff4a62d9') in 0.019596 seconds 
  Import took 0.032293 seconds .

========================================================================
Received Import Request.
  Time since last request: 0.000387 seconds.
  path: Assets/Scripts/Manager/Summon.cs
  artifactKey: Guid(1e0e3fca29a37534bbbc35b3fd4ac62b) Importer(815301076,1909f56bfc062723c751e8b465ee728b)
Start importing Assets/Scripts/Manager/Summon.cs using Guid(1e0e3fca29a37534bbbc35b3fd4ac62b) Importer(815301076,1909f56bfc062723c751e8b465ee728b)  -> (artifact id: '59e3a79b792ce249f4fa7e3b71102caf') in 0.016640 seconds 
  Import took 0.029776 seconds .

========================================================================
Received Import Request.
  Time since last request: 0.000291 seconds.
  path: Assets/Photon/PhotonUnityNetworking/Code/PhotonNetwork.cs
  artifactKey: Guid(88e11b3353de7e94d84b1ec5adbdd15e) Importer(815301076,1909f56bfc062723c751e8b465ee728b)
Start importing Assets/Photon/PhotonUnityNetworking/Code/PhotonNetwork.cs using Guid(88e11b3353de7e94d84b1ec5adbdd15e) Importer(815301076,1909f56bfc062723c751e8b465ee728b)  -> (artifact id: 'e52900aca80ec5844bb9da93718aeb4e') in 0.011351 seconds 
  Import took 0.019834 seconds .

========================================================================
Received Import Request.
  Time since last request: 14.856539 seconds.
  path: Assets/Scenes/GodoTest.unity
  artifactKey: Guid(a7a1cfec6a69a7546b0bbafba52d0719) Importer(815301076,1909f56bfc062723c751e8b465ee728b)
Start importing Assets/Scenes/GodoTest.unity using Guid(a7a1cfec6a69a7546b0bbafba52d0719) Importer(815301076,1909f56bfc062723c751e8b465ee728b)  -> (artifact id: '84ae886b6e32f97137cd4cbc081ac401') in 0.026509 seconds 
  Import took 0.033751 seconds .

========================================================================
Received Import Request.
  Time since last request: 346.727400 seconds.
  path: Assets/Scripts/Turn/TurnManager.cs
  artifactKey: Guid(4aff735f6669fcd4a9c30bf1a17ac316) Importer(815301076,1909f56bfc062723c751e8b465ee728b)
Start importing Assets/Scripts/Turn/TurnManager.cs using Guid(4aff735f6669fcd4a9c30bf1a17ac316) Importer(815301076,1909f56bfc062723c751e8b465ee728b)  -> (artifact id: '505ae9b2dc4a4af0c687e30ff90c092c') in 0.016446 seconds 
  Import took 0.030572 seconds .

========================================================================
Received Import Request.
  Time since last request: 238.446434 seconds.
  path: Assets/Prefabs/Hand_Piece/Enemy/Enemy_HandPiece_knight.prefab
  artifactKey: Guid(5a7cbf69455a6f641ab403a77eb324a8) Importer(815301076,1909f56bfc062723c751e8b465ee728b)
Start importing Assets/Prefabs/Hand_Piece/Enemy/Enemy_HandPiece_knight.prefab using Guid(5a7cbf69455a6f641ab403a77eb324a8) Importer(815301076,1909f56bfc062723c751e8b465ee728b)  -> (artifact id: '3deb44dfee72742274949b56bd38a799') in 0.147198 seconds 
  Import took 0.155949 seconds .

========================================================================
Received Import Request.
  Time since last request: 5.962515 seconds.
  path: Assets/Prefabs/Hand_Piece/Enemy/Enemy_HandPiece_Knight.prefab
  artifactKey: Guid(5a7cbf69455a6f641ab403a77eb324a8) Importer(815301076,1909f56bfc062723c751e8b465ee728b)
Start importing Assets/Prefabs/Hand_Piece/Enemy/Enemy_HandPiece_Knight.prefab using Guid(5a7cbf69455a6f641ab403a77eb324a8) Importer(815301076,1909f56bfc062723c751e8b465ee728b)  -> (artifact id: 'c2e5006ecd166c6ff2fd6e5f79b74429') in 0.025422 seconds 
  Import took 0.036115 seconds .

AssetImportWorkerClient::OnTransportError - code=2 error=End of file
